0 info it worked if it ends with ok
1 verbose cli [ 'C:\\Program Files\\nodejs\\node.exe',
1 verbose cli   'C:\\Program Files\\nodejs\\node_modules\\npm\\bin\\npm-cli.js',
1 verbose cli   'start' ]
2 info using npm@3.10.10
3 info using node@v6.10.2
4 verbose run-script [ 'prestart', 'start', 'poststart' ]
5 info lifecycle node-red@0.18.3~prestart: node-red@0.18.3
6 silly lifecycle node-red@0.18.3~prestart: no script for prestart, continuing
7 info lifecycle node-red@0.18.3~start: node-red@0.18.3
8 verbose lifecycle node-red@0.18.3~start: unsafe-perm in lifecycle true
9 verbose lifecycle node-red@0.18.3~start: PATH: C:\Program Files\nodejs\node_modules\npm\bin\node-gyp-bin;C:\Users\ngohu\inut-plc-setup\node_modules\.bin;C:\ProgramData\Oracle\Java\javapath;C:\Program Files\ImageMagick-7.0.7-Q8;C:\WINDOWS\system32;C:\WINDOWS;C:\WINDOWS\System32\Wbem;C:\WINDOWS\System32\WindowsPowerShell\v1.0\;C:\Program Files\Git\cmd;C:\Program Files\Git\mingw64\bin;C:\Program Files\Git\usr\bin;C:\Program Files\nodejs\;F:\cygwin64\bin;C:\Python27;C:\Python27\Scripts;C:\Users\ngohu\AppData\Roaming\Python\Scripts;F:\AndroidSDK\platform-tools;F:\AndroidSDK\build-tools\25.0.2;F:\AndroidSDK\tools;c:\Program Files (x86)\Microsoft SQL Server\90\Tools\binn\;C:\Program Files\PuTTY\;C:\Program Files (x86)\QuickTime\QTSystem\;C:\VXIPNP\WinNT\Bin;C:\WINDOWS\System32\OpenSSH\;C:\Users\ngohu\AppData\Local\Microsoft\WindowsApps;C:\Users\ngohu\AppData\Roaming\npm;C:\Program Files\Java\jdk1.8.0_131\bin;C:\Program Files\Heroku\bin;
10 verbose lifecycle node-red@0.18.3~start: CWD: C:\Users\ngohu\inut-plc-setup
11 silly lifecycle node-red@0.18.3~start: Args: [ '/d /s /c', 'node red.js --settings settings.js' ]
12 silly lifecycle node-red@0.18.3~start: Returned: code: 3221225786  signal: null
13 info lifecycle node-red@0.18.3~start: Failed to exec start script
14 verbose stack Error: node-red@0.18.3 start: `node red.js --settings settings.js`
14 verbose stack Exit status 3221225786
14 verbose stack     at EventEmitter.<anonymous> (C:\Program Files\nodejs\node_modules\npm\lib\utils\lifecycle.js:255:16)
14 verbose stack     at emitTwo (events.js:106:13)
14 verbose stack     at EventEmitter.emit (events.js:191:7)
14 verbose stack     at ChildProcess.<anonymous> (C:\Program Files\nodejs\node_modules\npm\lib\utils\spawn.js:40:14)
14 verbose stack     at emitTwo (events.js:106:13)
14 verbose stack     at ChildProcess.emit (events.js:191:7)
14 verbose stack     at maybeClose (internal/child_process.js:886:16)
14 verbose stack     at Process.ChildProcess._handle.onexit (internal/child_process.js:226:5)
15 verbose pkgid node-red@0.18.3
16 verbose cwd C:\Users\ngohu\inut-plc-setup
17 error Windows_NT 10.0.17134
18 error argv "C:\\Program Files\\nodejs\\node.exe" "C:\\Program Files\\nodejs\\node_modules\\npm\\bin\\npm-cli.js" "start"
19 error node v6.10.2
20 error npm  v3.10.10
21 error code ELIFECYCLE
22 error node-red@0.18.3 start: `node red.js --settings settings.js`
22 error Exit status 3221225786
23 error Failed at the node-red@0.18.3 start script 'node red.js --settings settings.js'.
23 error Make sure you have the latest version of node.js and npm installed.
23 error If you do, this is most likely a problem with the node-red package,
23 error not with npm itself.
23 error Tell the author that this fails on your system:
23 error     node red.js --settings settings.js
23 error You can get information on how to open an issue for this project with:
23 error     npm bugs node-red
23 error Or if that isn't available, you can get their info via:
23 error     npm owner ls node-red
23 error There is likely additional logging output above.
24 verbose exit [ 1, true ]
